[+] Containers:
 |- [+] Container: /Game/test_card
 |   |- [+] ActorDescs:
 |   |   |- Guid:00A8FB3B43E733B56A5585ADAC64585A BaseClass: NativeClass:/Script/Engine.WorldPartitionHLOD Name:HLOD0_Instancing_00000000ea248747 Label:HLOD0_OpenWorld_MainGrid_L0_X1_Y2_DL0 SpatiallyLoaded:0 Bounds:IsValid=true, Min=(X=25600.000 Y=51200.000 Z=-100.000), Max=(X=51200.000 Y=76800.000 Z=14989.844) RuntimeGrid:None EditorOnly:0 RuntimeOnly:1 HLODRelevant:1
 |   |   |- Guid:0B6A8C9647187D3A49245BA993A3E1C5 BaseClass: NativeClass:/Script/Engine.WorldPartitionHLOD Name:HLOD0_Instancing_0000000016e3f9ab Label:HLOD0_OpenWorld_MainGrid_L0_X-4_Y-1_DL0 SpatiallyLoaded:0 Bounds:IsValid=true, Min=(X=-102400.000 Y=-25600.000 Z=-100.000), Max=(X=-76800.000 Y=0.000 Z=14989.844) RuntimeGrid:None EditorOnly:0 RuntimeOnly:1 HLODRelevant:1
 |   |   |- Guid:0E67028948A17888484F83BB3023D9B9 BaseClass: NativeClass:/Script/Engine.WorldPartitionHLOD Name:HLOD0_Instancing_00000000e27c95f8 Label:HLOD0_OpenWorld_MainGrid_L0_X2_Y-2_DL0 SpatiallyLoaded:0 Bounds:IsValid=true, Min=(X=51200.000 Y=-51200.000 Z=-100.000), Max=(X=76800.000 Y=-25600.000 Z=14989.844) RuntimeGrid:None EditorOnly:0 RuntimeOnly:1 HLODRelevant:1
 |   |   |- Guid:14317BBA411C3F7123D509B224B2ADE0 BaseClass: NativeClass:/Script/Engine.WorldPartitionHLOD Name:HLOD0_Instancing_00000000540f823d Label:HLOD0_OpenWorld_MainGrid_L0_X3_Y-4_DL0 SpatiallyLoaded:0 Bounds:IsValid=true, Min=(X=76800.000 Y=-102400.000 Z=-100.000), Max=(X=102400.000 Y=-76800.000 Z=14989.844) RuntimeGrid:None EditorOnly:0 RuntimeOnly:1 HLODRelevant:1
 |   |   |- Guid:19E0F400432F2CC0ADF73EA48C107A53 BaseClass: NativeClass:/Script/Engine.WorldPartitionHLOD Name:HLOD0_Instancing_0000000013563922 Label:HLOD0_OpenWorld_MainGrid_L0_X0_Y-3_DL0 SpatiallyLoaded:0 Bounds:IsValid=true, Min=(X=0.000 Y=-76800.000 Z=-100.000), Max=(X=25600.000 Y=-51200.000 Z=14989.844) RuntimeGrid:None EditorOnly:0 RuntimeOnly:1 HLODRelevant:1
 |   |   |- Guid:1D7DC2714A278DF29A5EE68AE546597A BaseClass: NativeClass:/Script/Engine.WorldPartitionHLOD Name:HLOD0_Instancing_00000000277a8666 Label:HLOD0_OpenWorld_MainGrid_L0_X-4_Y-2_DL0 SpatiallyLoaded:0 Bounds:IsValid=true, Min=(X=-102400.000 Y=-51200.000 Z=-100.000), Max=(X=-76800.000 Y=-25600.000 Z=14989.844) RuntimeGrid:None EditorOnly:0 RuntimeOnly:1 HLODRelevant:1
 |   |   |- Guid:218E3B124735712D7EF272B4FB8E7FF6 BaseClass: NativeClass:/Script/Landscape.Landscape Name:Landscape_UAID_A85E45CFE404FBD100_1221515703 Label:Landscape SpatiallyLoaded:0 Bounds:IsValid=true, Min=(X=-100800.000 Y=-100800.000 Z=100.000), Max=(X=-100800.000 Y=-100800.000 Z=100.000) RuntimeGrid:None EditorOnly:0 RuntimeOnly:0 HLODRelevant:0
 |   |   |- Guid:228A9B534294509B224D53A618B59706 BaseClass: NativeClass:/Script/Engine.WorldPartitionHLOD Name:HLOD0_Instancing_000000007bb96928 Label:HLOD0_OpenWorld_MainGrid_L0_X0_Y2_DL0 SpatiallyLoaded:0 Bounds:IsValid=true, Min=(X=0.000 Y=51200.000 Z=-100.000), Max=(X=25600.000 Y=76800.000 Z=14989.844) RuntimeGrid:None EditorOnly:0 RuntimeOnly:1 HLODRelevant:1
 |   |   |- Guid:24FE497144BC431AC904D784CB423C92 BaseClass: NativeClass:/Script/Engine.WorldPartitionHLOD Name:HLOD0_Instancing_00000000c3d60ccf Label:HLOD0_OpenWorld_MainGrid_L0_X2_Y-4_DL0 SpatiallyLoaded:0 Bounds:IsValid=true, Min=(X=51200.000 Y=-102400.000 Z=-100.000), Max=(X=76800.000 Y=-76800.000 Z=14989.844) RuntimeGrid:None EditorOnly:0 RuntimeOnly:1 HLODRelevant:1
 |   |   |- Guid:25D5FE604258EA1057C538B34072482E BaseClass: NativeClass:/Script/Engine.WorldPartitionHLOD Name:HLOD0_Instancing_00000000f0784cb4 Label:HLOD0_OpenWorld_MainGrid_L0_X-1_Y0_DL0 SpatiallyLoaded:0 Bounds:IsValid=true, Min=(X=-25600.000 Y=0.000 Z=-100.000), Max=(X=0.000 Y=25600.000 Z=14989.844) RuntimeGrid:None EditorOnly:0 RuntimeOnly:1 HLODRelevant:1
 |   |   |- Guid:2C51082445A1441AED284A95914BAC81 BaseClass: NativeClass:/Script/Engine.WorldPartitionHLOD Name:HLOD0_Instancing_0000000094033ddb Label:HLOD0_OpenWorld_MainGrid_L0_X-1_Y-4_DL0 SpatiallyLoaded:0 Bounds:IsValid=true, Min=(X=-25600.000 Y=-102400.000 Z=-100.000), Max=(X=0.000 Y=-76800.000 Z=14989.844) RuntimeGrid:None EditorOnly:0 RuntimeOnly:1 HLODRelevant:1
 |   |   |- Guid:2C63036741E39B2B740547826855AF81 BaseClass: NativeClass:/Script/Engine.WorldPartitionHLOD Name:HLOD0_Instancing_0000000069c9b8f4 Label:HLOD0_OpenWorld_MainGrid_L0_X0_Y-1_DL0 SpatiallyLoaded:0 Bounds:IsValid=true, Min=(X=0.000 Y=-25600.000 Z=-100.000), Max=(X=25600.000 Y=0.000 Z=14989.844) RuntimeGrid:None EditorOnly:0 RuntimeOnly:1 HLODRelevant:1
 |   |   |- Guid:32D1D49D4DAA79F164A0E7A0FD10EFDB BaseClass: NativeClass:/Script/Engine.WorldPartitionHLOD Name:HLOD0_Instancing_00000000a852d28c Label:HLOD0_OpenWorld_MainGrid_L0_X-2_Y-2_DL0 SpatiallyLoaded:0 Bounds:IsValid=true, Min=(X=-51200.000 Y=-51200.000 Z=-100.000), Max=(X=-25600.000 Y=-25600.000 Z=14989.844) RuntimeGrid:None EditorOnly:0 RuntimeOnly:1 HLODRelevant:1
 |   |   |- Guid:391CBAE6451D85ABC3D467A458600BB9 BaseClass: NativeClass:/Script/Engine.WorldPartitionHLOD Name:HLOD0_Instancing_00000000d84a2e5a Label:HLOD0_OpenWorld_MainGrid_L0_X-2_Y3_DL0 SpatiallyLoaded:0 Bounds:IsValid=true, Min=(X=-51200.000 Y=76800.000 Z=-100.000), Max=(X=-25600.000 Y=102400.000 Z=14989.844) RuntimeGrid:None EditorOnly:0 RuntimeOnly:1 HLODRelevant:1
 |   |   |- Guid:3C21CA9A4D9727B9E1D5808D2DBEA56E BaseClass: NativeClass:/Script/Engine.WorldPartitionHLOD Name:HLOD0_Instancing_0000000057d513c4 Label:HLOD0_OpenWorld_MainGrid_L0_X-2_Y2_DL0 SpatiallyLoaded:0 Bounds:IsValid=true, Min=(X=-51200.000 Y=51200.000 Z=-100.000), Max=(X=-25600.000 Y=76800.000 Z=14989.844) RuntimeGrid:None EditorOnly:0 RuntimeOnly:1 HLODRelevant:1
 |   |   |- Guid:3DED43BD4DE10A4A422617A58713A463 BaseClass: NativeClass:/Script/Engine.WorldPartitionHLOD Name:HLOD0_Instancing_000000003dc2da02 Label:HLOD0_OpenWorld_MainGrid_L0_X1_Y3_DL0 SpatiallyLoaded:0 Bounds:IsValid=true, Min=(X=25600.000 Y=76800.000 Z=-100.000), Max=(X=51200.000 Y=102400.000 Z=14989.844) RuntimeGrid:None EditorOnly:0 RuntimeOnly:1 HLODRelevant:1
 |   |   |- Guid:3FBA063F4E89784CC61E368A2019762A BaseClass: NativeClass:/Script/Engine.WorldPartitionHLOD Name:HLOD0_Instancing_000000009da6e84b Label:HLOD0_OpenWorld_MainGrid_L0_X1_Y1_DL0 SpatiallyLoaded:0 Bounds:IsValid=true, Min=(X=25600.000 Y=25600.000 Z=-100.000), Max=(X=51200.000 Y=51200.000 Z=14989.844) RuntimeGrid:None EditorOnly:0 RuntimeOnly:1 HLODRelevant:1
 |   |   |- Guid:40404F704104D816586C5FA9487433D0 BaseClass: NativeClass:/Script/Engine.WorldPartitionHLOD Name:HLOD0_Instancing_00000000590dd8d0 Label:HLOD0_OpenWorld_MainGrid_L0_X3_Y1_DL0 SpatiallyLoaded:0 Bounds:IsValid=true, Min=(X=76800.000 Y=25600.000 Z=-100.000), Max=(X=102400.000 Y=51200.000 Z=14989.844) RuntimeGrid:None EditorOnly:0 RuntimeOnly:1 HLODRelevant:1
 |   |   |- Guid:407BD9884AC7D91C2B7C99BFDC32F417 BaseClass: NativeClass:/Script/Engine.WorldPartitionHLOD Name:HLOD0_Instancing_0000000027c3e1de Label:HLOD0_OpenWorld_MainGrid_L0_X-3_Y-3_DL0 SpatiallyLoaded:0 Bounds:IsValid=true, Min=(X=-76800.000 Y=-76800.000 Z=-100.000), Max=(X=-51200.000 Y=-51200.000 Z=14989.844) RuntimeGrid:None EditorOnly:0 RuntimeOnly:1 HLODRelevant:1
 |   |   |- Guid:4328ED974775673185E015B69DD99DBC BaseClass: NativeClass:/Script/Engine.WorldPartitionHLOD Name:HLOD0_Instancing_0000000044625dde Label:HLOD0_OpenWorld_MainGrid_L0_X0_Y1_DL0 SpatiallyLoaded:0 Bounds:IsValid=true, Min=(X=0.000 Y=25600.000 Z=-100.000), Max=(X=25600.000 Y=51200.000 Z=14989.844) RuntimeGrid:None EditorOnly:0 RuntimeOnly:1 HLODRelevant:1
 |   |   |- Guid:45625FF44D0EAF637F858CB667DFA822 BaseClass: NativeClass:/Script/Engine.WorldPartitionHLOD Name:HLOD0_Instancing_00000000893b99cf Label:HLOD0_OpenWorld_MainGrid_L0_X-3_Y2_DL0 SpatiallyLoaded:0 Bounds:IsValid=true, Min=(X=-76800.000 Y=51200.000 Z=-100.000), Max=(X=-51200.000 Y=76800.000 Z=14989.844) RuntimeGrid:None EditorOnly:0 RuntimeOnly:1 HLODRelevant:1
 |   |   |- Guid:48365B364D8B19943415A6A5910D1BDE BaseClass: NativeClass:/Script/Engine.WorldPartitionHLOD Name:HLOD0_Instancing_0000000059769322 Label:HLOD0_OpenWorld_MainGrid_L0_X-1_Y-1_DL0 SpatiallyLoaded:0 Bounds:IsValid=true, Min=(X=-25600.000 Y=-25600.000 Z=-100.000), Max=(X=0.000 Y=0.000 Z=14989.844) RuntimeGrid:None EditorOnly:0 RuntimeOnly:1 HLODRelevant:1
 |   |   |- Guid:4B218C654A6BB67D74CCC9962953B492 BaseClass: NativeClass:/Script/Engine.WorldPartitionHLOD Name:HLOD0_Instancing_0000000099f5c3eb Label:HLOD0_OpenWorld_MainGrid_L0_X3_Y0_DL0 SpatiallyLoaded:0 Bounds:IsValid=true, Min=(X=76800.000 Y=0.000 Z=-100.000), Max=(X=102400.000 Y=25600.000 Z=14989.844) RuntimeGrid:None EditorOnly:0 RuntimeOnly:1 HLODRelevant:1
 |   |   |- Guid:4DC277034D883728A100AD96037AD2B2 BaseClass: NativeClass:/Script/Engine.WorldPartitionHLOD Name:HLOD0_Instancing_000000009639f7d3 Label:HLOD0_OpenWorld_MainGrid_L0_X3_Y-1_DL0 SpatiallyLoaded:0 Bounds:IsValid=true, Min=(X=76800.000 Y=-25600.000 Z=-100.000), Max=(X=102400.000 Y=0.000 Z=14989.844) RuntimeGrid:None EditorOnly:0 RuntimeOnly:1 HLODRelevant:1
 |   |   |- Guid:4EBF16C94F900DF8498DF18ADECD8BB7 BaseClass: NativeClass:/Script/Engine.WorldPartitionHLOD Name:HLOD0_Instancing_0000000017732148 Label:HLOD0_OpenWorld_MainGrid_L0_X1_Y-4_DL0 SpatiallyLoaded:0 Bounds:IsValid=true, Min=(X=25600.000 Y=-102400.000 Z=-100.000), Max=(X=51200.000 Y=-76800.000 Z=14989.844) RuntimeGrid:None EditorOnly:0 RuntimeOnly:1 HLODRelevant:1
 |   |   |- Guid:51BF68734BFA681690A183ADBF1655E2 BaseClass: NativeClass:/Script/Engine.WorldPartitionHLOD Name:HLOD0_Instancing_000000002dc52928 Label:HLOD0_OpenWorld_MainGrid_L0_X3_Y-3_DL0 SpatiallyLoaded:0 Bounds:IsValid=true, Min=(X=76800.000 Y=-76800.000 Z=-100.000), Max=(X=102400.000 Y=-51200.000 Z=14989.844) RuntimeGrid:None EditorOnly:0 RuntimeOnly:1 HLODRelevant:1
 |   |   |- Guid:5368FABB47D6D9580DAECA8B0417BF92 BaseClass: NativeClass:/Script/Engine.WorldDataLayers Name:WorldDataLayers Label:WorldDataLayers-1 SpatiallyLoaded:0 Bounds:IsValid=true, Min=(X=0.000 Y=0.000 Z=0.000), Max=(X=0.000 Y=0.000 Z=0.000) RuntimeGrid:None EditorOnly:0 RuntimeOnly:0 HLODRelevant:0
 |   |   |- Guid:53DF6BCB46D348054C2B569842C8D2CF BaseClass: NativeClass:/Script/Engine.WorldPartitionHLOD Name:HLOD0_Instancing_000000002ef26eb8 Label:HLOD0_OpenWorld_MainGrid_L0_X0_Y-4_DL0 SpatiallyLoaded:0 Bounds:IsValid=true, Min=(X=0.000 Y=-102400.000 Z=-100.000), Max=(X=25600.000 Y=-76800.000 Z=14989.844) RuntimeGrid:None EditorOnly:0 RuntimeOnly:1 HLODRelevant:1
 |   |   |- Guid:552EEF7C4B3949A07AC351A1542D6FBB BaseClass: NativeClass:/Script/Engine.WorldPartitionHLOD Name:HLOD0_Instancing_0000000012d2b5a6 Label:HLOD0_OpenWorld_MainGrid_L0_X-2_Y-1_DL0 SpatiallyLoaded:0 Bounds:IsValid=true, Min=(X=-51200.000 Y=-25600.000 Z=-100.000), Max=(X=-25600.000 Y=0.000 Z=14989.844) RuntimeGrid:None EditorOnly:0 RuntimeOnly:1 HLODRelevant:1
 |   |   |- Guid:55BFA42D47899CE61D5D9492EC7F9B2A BaseClass: NativeClass:/Script/Engine.WorldPartitionHLOD Name:HLOD0_Instancing_0000000082a82ff0 Label:HLOD0_OpenWorld_MainGrid_L0_X3_Y3_DL0 SpatiallyLoaded:0 Bounds:IsValid=true, Min=(X=76800.000 Y=76800.000 Z=-100.000), Max=(X=102400.000 Y=102400.000 Z=14989.844) RuntimeGrid:None EditorOnly:0 RuntimeOnly:1 HLODRelevant:1
 |   |   |- Guid:6105DFC8455BD6187C58599574DAB74F BaseClass: NativeClass:/Script/Engine.WorldPartitionHLOD Name:HLOD0_Instancing_00000000057d7667 Label:HLOD0_OpenWorld_MainGrid_L0_X2_Y-1_DL0 SpatiallyLoaded:0 Bounds:IsValid=true, Min=(X=51200.000 Y=-25600.000 Z=-100.000), Max=(X=76800.000 Y=0.000 Z=14989.844) RuntimeGrid:None EditorOnly:0 RuntimeOnly:1 HLODRelevant:1
 |   |   |- Guid:6845AB9B4CDD0C0D192617A71808D441 BaseClass: NativeClass:/Script/Engine.WorldPartitionHLOD Name:HLOD0_Instancing_00000000db5f9a5d Label:HLOD0_OpenWorld_MainGrid_L0_X0_Y0_DL0 SpatiallyLoaded:0 Bounds:IsValid=true, Min=(X=0.000 Y=0.000 Z=-100.000), Max=(X=25600.000 Y=25600.000 Z=14989.844) RuntimeGrid:None EditorOnly:0 RuntimeOnly:1 HLODRelevant:1
 |   |   |- Guid:6BE227904051705E261661AA2D511554 BaseClass: NativeClass:/Script/Engine.WorldPartitionHLOD Name:HLOD0_Instancing_000000007c7efdc7 Label:HLOD0_OpenWorld_MainGrid_L0_X-2_Y1_DL0 SpatiallyLoaded:0 Bounds:IsValid=true, Min=(X=-51200.000 Y=25600.000 Z=-100.000), Max=(X=-25600.000 Y=51200.000 Z=14989.844) RuntimeGrid:None EditorOnly:0 RuntimeOnly:1 HLODRelevant:1
 |   |   |- Guid:6C0B3A974F0332D4078427892E1DF9FC BaseClass: NativeClass:/Script/Engine.WorldPartitionHLOD Name:HLOD0_Instancing_000000003106dab4 Label:HLOD0_OpenWorld_MainGrid_L0_X-3_Y-4_DL0 SpatiallyLoaded:0 Bounds:IsValid=true, Min=(X=-76800.000 Y=-102400.000 Z=-100.000), Max=(X=-51200.000 Y=-76800.000 Z=14989.844) RuntimeGrid:None EditorOnly:0 RuntimeOnly:1 HLODRelevant:1
 |   |   |- Guid:6F702D374AA51898125E4BAAE044CB8E BaseClass: NativeClass:/Script/Engine.WorldPartitionHLOD Name:HLOD0_Instancing_000000007470dadd Label:HLOD0_OpenWorld_MainGrid_L0_X3_Y2_DL0 SpatiallyLoaded:0 Bounds:IsValid=true, Min=(X=76800.000 Y=51200.000 Z=-100.000), Max=(X=102400.000 Y=76800.000 Z=14989.844) RuntimeGrid:None EditorOnly:0 RuntimeOnly:1 HLODRelevant:1
 |   |   |- Guid:707D0D104A1A6DBFBBD050AD016E1BA7 BaseClass: NativeClass:/Script/Landscape.LandscapeStreamingProxy Name:LandscapeStreamingProxy_D7T4VF4LBP34PHV9XOEVM5TIG_1_4_4_0 Label:LandscapeStreamingProxy_4_4_0 SpatiallyLoaded:1 Bounds:IsValid=true, Min=(X=0.000 Y=0.000 Z=-100.000), Max=(X=25200.000 Y=25200.000 Z=100.000) RuntimeGrid:None EditorOnly:0 RuntimeOnly:0 HLODRelevant:1
 |   |   |- Guid:709BACE64B30BF18B99529BD1B321A03 BaseClass: NativeClass:/Script/Engine.WorldPartitionHLOD Name:HLOD0_Instancing_00000000a68d5e96 Label:HLOD0_OpenWorld_MainGrid_L0_X-3_Y-1_DL0 SpatiallyLoaded:0 Bounds:IsValid=true, Min=(X=-76800.000 Y=-25600.000 Z=-100.000), Max=(X=-51200.000 Y=0.000 Z=14989.844) RuntimeGrid:None EditorOnly:0 RuntimeOnly:1 HLODRelevant:1
 |   |   |- Guid:736DB8384EECBCCCDA745C8C29C2140D BaseClass: NativeClass:/Script/Engine.WorldPartitionHLOD Name:HLOD0_Instancing_00000000f189c022 Label:HLOD0_OpenWorld_MainGrid_L0_X2_Y1_DL0 SpatiallyLoaded:0 Bounds:IsValid=true, Min=(X=51200.000 Y=25600.000 Z=-100.000), Max=(X=76800.000 Y=51200.000 Z=14989.844) RuntimeGrid:None EditorOnly:0 RuntimeOnly:1 HLODRelevant:1
 |   |   |- Guid:7BBE98354AD9D862E281199C9BDB0E57 BaseClass: NativeClass:/Script/Engine.WorldPartitionHLOD Name:HLOD0_Instancing_00000000b5f3d2cc Label:HLOD0_OpenWorld_MainGrid_L0_X2_Y-3_DL0 SpatiallyLoaded:0 Bounds:IsValid=true, Min=(X=51200.000 Y=-76800.000 Z=-100.000), Max=(X=76800.000 Y=-51200.000 Z=14989.844) RuntimeGrid:None EditorOnly:0 RuntimeOnly:1 HLODRelevant:1
 |   |   |- Guid:7F1ECEFF488AE54636BDAAAB92FE5010 BaseClass: NativeClass:/Script/Engine.WorldPartitionHLOD Name:HLOD0_Instancing_000000006daae27a Label:HLOD0_OpenWorld_MainGrid_L0_X1_Y-2_DL0 SpatiallyLoaded:0 Bounds:IsValid=true, Min=(X=25600.000 Y=-51200.000 Z=-100.000), Max=(X=51200.000 Y=-25600.000 Z=14989.844) RuntimeGrid:None EditorOnly:0 RuntimeOnly:1 HLODRelevant:1
 |   |   |- Guid:80FF581E4FE4215B2068F1AFA94E0968 BaseClass: NativeClass:/Script/Engine.WorldPartitionHLOD Name:HLOD0_Instancing_0000000045fa3dc2 Label:HLOD0_OpenWorld_MainGrid_L0_X0_Y-2_DL0 SpatiallyLoaded:0 Bounds:IsValid=true, Min=(X=0.000 Y=-51200.000 Z=-100.000), Max=(X=25600.000 Y=-25600.000 Z=14989.844) RuntimeGrid:None EditorOnly:0 RuntimeOnly:1 HLODRelevant:1
 |   |   |- Guid:815A36ED46E45B01A1DC3DBB2BCCA6DC BaseClass: NativeClass:/Script/Engine.WorldPartitionHLOD Name:HLOD0_Instancing_000000004be17f76 Label:HLOD0_OpenWorld_MainGrid_L0_X-3_Y1_DL0 SpatiallyLoaded:0 Bounds:IsValid=true, Min=(X=-76800.000 Y=25600.000 Z=-100.000), Max=(X=-51200.000 Y=51200.000 Z=14989.844) RuntimeGrid:None EditorOnly:0 RuntimeOnly:1 HLODRelevant:1
 |   |   |- Guid:82111EBA4245874D247823848B4F1385 BaseClass: NativeClass:/Script/Landscape.LandscapeStreamingProxy Name:LandscapeStreamingProxy_D7T4VF4LBP34PHV9XOEVM5TIG_1_4_3_0 Label:LandscapeStreamingProxy_4_3_0 SpatiallyLoaded:1 Bounds:IsValid=true, Min=(X=0.000 Y=-25200.000 Z=-100.000), Max=(X=25200.000 Y=0.000 Z=100.000) RuntimeGrid:None EditorOnly:0 RuntimeOnly:0 HLODRelevant:1
 |   |   |- Guid:8252E67A45AF84C4C0A6BD88ABCE1CD0 BaseClass: NativeClass:/Script/Engine.WorldPartitionHLOD Name:HLOD0_Instancing_00000000d63e134d Label:HLOD0_OpenWorld_MainGrid_L0_X-2_Y0_DL0 SpatiallyLoaded:0 Bounds:IsValid=true, Min=(X=-51200.000 Y=0.000 Z=-100.000), Max=(X=-25600.000 Y=25600.000 Z=14989.844) RuntimeGrid:None EditorOnly:0 RuntimeOnly:1 HLODRelevant:1
 |   |   |- Guid:851A759D4F6D8E901FEF83847B3BB43D BaseClass: NativeClass:/Script/Engine.WorldPartitionHLOD Name:HLOD0_Instancing_00000000589398c3 Label:HLOD0_OpenWorld_MainGrid_L0_X-4_Y0_DL0 SpatiallyLoaded:0 Bounds:IsValid=true, Min=(X=-102400.000 Y=0.000 Z=-100.000), Max=(X=-76800.000 Y=25600.000 Z=14989.844) RuntimeGrid:None EditorOnly:0 RuntimeOnly:1 HLODRelevant:1
 |   |   |- Guid:8A8E01274F6FA092A6F20CA168B690C5 BaseClass: NativeClass:/Script/Engine.WorldPartitionHLOD Name:HLOD0_Instancing_00000000756bc398 Label:HLOD0_OpenWorld_MainGrid_L0_X-4_Y3_DL0 SpatiallyLoaded:0 Bounds:IsValid=true, Min=(X=-102400.000 Y=76800.000 Z=-100.000), Max=(X=-76800.000 Y=102400.000 Z=14989.844) RuntimeGrid:None EditorOnly:0 RuntimeOnly:1 HLODRelevant:1
 |   |   |- Guid:914F0A874E78636614A9F7903A68479C BaseClass: NativeClass:/Script/Engine.WorldPartitionHLOD Name:HLOD0_Instancing_000000008d050c1d Label:HLOD0_OpenWorld_MainGrid_L0_X-1_Y1_DL0 SpatiallyLoaded:0 Bounds:IsValid=true, Min=(X=-25600.000 Y=25600.000 Z=-100.000), Max=(X=0.000 Y=51200.000 Z=14989.844) RuntimeGrid:None EditorOnly:0 RuntimeOnly:1 HLODRelevant:1
 |   |   |- Guid:9CBBDFD8486812AAE8770CB093DB7460 BaseClass: NativeClass:/Script/Landscape.LandscapeStreamingProxy Name:LandscapeStreamingProxy_D7T4VF4LBP34PHV9XOEVM5TIG_1_3_4_0 Label:LandscapeStreamingProxy_3_4_0 SpatiallyLoaded:1 Bounds:IsValid=true, Min=(X=-25200.000 Y=0.000 Z=-100.000), Max=(X=0.000 Y=25200.000 Z=100.000) RuntimeGrid:None EditorOnly:0 RuntimeOnly:0 HLODRelevant:1
 |   |   |- Guid:A22807CB4E068FED5D458F928328F794 BaseClass: NativeClass:/Script/Engine.WorldPartitionHLOD Name:HLOD0_Instancing_00000000ddf5480a Label:HLOD0_OpenWorld_MainGrid_L0_X2_Y0_DL0 SpatiallyLoaded:0 Bounds:IsValid=true, Min=(X=51200.000 Y=0.000 Z=-100.000), Max=(X=76800.000 Y=25600.000 Z=14989.844) RuntimeGrid:None EditorOnly:0 RuntimeOnly:1 HLODRelevant:1
 |   |   |- Guid:A352FA744776A837E827BD8FD622D2BF BaseClass: NativeClass:/Script/Engine.WorldPartitionHLOD Name:HLOD0_Instancing_00000000725c25b5 Label:HLOD0_OpenWorld_MainGrid_L0_X-2_Y-3_DL0 SpatiallyLoaded:0 Bounds:IsValid=true, Min=(X=-51200.000 Y=-76800.000 Z=-100.000), Max=(X=-25600.000 Y=-51200.000 Z=14989.844) RuntimeGrid:None EditorOnly:0 RuntimeOnly:1 HLODRelevant:1
 |   |   |- Guid:A6884A534D0491C5DE97BDA68DF19970 BaseClass: NativeClass:/Script/Engine.WorldPartitionHLOD Name:HLOD0_Instancing_00000000e771c6ac Label:HLOD0_OpenWorld_MainGrid_L0_X-4_Y-4_DL0 SpatiallyLoaded:0 Bounds:IsValid=true, Min=(X=-102400.000 Y=-102400.000 Z=-100.000), Max=(X=-76800.000 Y=-76800.000 Z=14989.844) RuntimeGrid:None EditorOnly:0 RuntimeOnly:1 HLODRelevant:1
 |   |   |- Guid:A707A1094E72530E573C4BA9C06EC397 BaseClass: NativeClass:/Script/Engine.WorldPartitionHLOD Name:HLOD0_Instancing_00000000e80cbd95 Label:HLOD0_OpenWorld_MainGrid_L0_X-1_Y-2_DL0 SpatiallyLoaded:0 Bounds:IsValid=true, Min=(X=-25600.000 Y=-51200.000 Z=-100.000), Max=(X=0.000 Y=-25600.000 Z=14989.844) RuntimeGrid:None EditorOnly:0 RuntimeOnly:1 HLODRelevant:1
 |   |   |- Guid:A89683FE4D1E0C90EEB664B4FD413D83 BaseClass: NativeClass:/Script/Engine.WorldPartitionHLOD Name:HLOD0_Instancing_00000000ae815460 Label:HLOD0_OpenWorld_MainGrid_L0_X3_Y-2_DL0 SpatiallyLoaded:0 Bounds:IsValid=true, Min=(X=76800.000 Y=-51200.000 Z=-100.000), Max=(X=102400.000 Y=-25600.000 Z=14989.844) RuntimeGrid:None EditorOnly:0 RuntimeOnly:1 HLODRelevant:1
 |   |   |- Guid:A8B4876248DB74DA27700C87A6A081D9 BaseClass: NativeClass:/Script/Engine.WorldPartitionHLOD Name:HLOD0_Instancing_00000000df8db286 Label:HLOD0_OpenWorld_MainGrid_L0_X-4_Y-3_DL0 SpatiallyLoaded:0 Bounds:IsValid=true, Min=(X=-102400.000 Y=-76800.000 Z=-100.000), Max=(X=-76800.000 Y=-51200.000 Z=14989.844) RuntimeGrid:None EditorOnly:0 RuntimeOnly:1 HLODRelevant:1
 |   |   |- Guid:AAAC6B5742760A58C2206DB37E44683C BaseClass: NativeClass:/Script/Engine.DirectionalLight Name:DirectionalLight_UAID_A85E45CFE40401D200_1470382761 Label:DirectionalLight SpatiallyLoaded:0 Bounds:IsValid=true, Min=(X=-4398046511104.000 Y=-4398046511104.000 Z=-4398046511104.000), Max=(X=4398046511104.000 Y=4398046511104.000 Z=4398046511104.000) RuntimeGrid:None EditorOnly:0 RuntimeOnly:0 HLODRelevant:0 FolderGuid:B7E9BD5B45A652654791988DEF54CCEB
 |   |   |- Guid:ACED9B084AC1095B497751AEF919E596 BaseClass: NativeClass:/Script/Engine.WorldPartitionHLOD Name:HLOD0_Instancing_0000000049f1f76e Label:HLOD0_OpenWorld_MainGrid_L0_X2_Y2_DL0 SpatiallyLoaded:0 Bounds:IsValid=true, Min=(X=51200.000 Y=51200.000 Z=-100.000), Max=(X=76800.000 Y=76800.000 Z=14989.844) RuntimeGrid:None EditorOnly:0 RuntimeOnly:1 HLODRelevant:1
 |   |   |- Guid:AD5DB85A47406CDEDC99B097F17AB425 BaseClass: NativeClass:/Script/Engine.WorldPartitionHLOD Name:HLOD0_Instancing_00000000eef22c50 Label:HLOD0_OpenWorld_MainGrid_L0_X-2_Y-4_DL0 SpatiallyLoaded:0 Bounds:IsValid=true, Min=(X=-51200.000 Y=-102400.000 Z=-100.000), Max=(X=-25600.000 Y=-76800.000 Z=14989.844) RuntimeGrid:None EditorOnly:0 RuntimeOnly:1 HLODRelevant:1
 |   |   |- Guid:B496893B4B0DBAD474FFCD9EAEE9D352 BaseClass: NativeClass:/Script/Engine.WorldPartitionHLOD Name:HLOD0_Instancing_0000000056fbfcde Label:HLOD0_OpenWorld_MainGrid_L0_X-3_Y0_DL0 SpatiallyLoaded:0 Bounds:IsValid=true, Min=(X=-76800.000 Y=0.000 Z=-100.000), Max=(X=-51200.000 Y=25600.000 Z=14989.844) RuntimeGrid:None EditorOnly:0 RuntimeOnly:1 HLODRelevant:1
 |   |   |- Guid:B6FDB864420EEDEC67D83EB37833F027 BaseClass: NativeClass:/Script/Engine.WorldPartitionHLOD Name:HLOD0_Instancing_000000006a3dcc13 Label:HLOD0_OpenWorld_MainGrid_L0_X-1_Y3_DL0 SpatiallyLoaded:0 Bounds:IsValid=true, Min=(X=-25600.000 Y=76800.000 Z=-100.000), Max=(X=0.000 Y=102400.000 Z=14989.844) RuntimeGrid:None EditorOnly:0 RuntimeOnly:1 HLODRelevant:1
 |   |   |- Guid:C23BF025414AF78FE8923192D3CA681A BaseClass: NativeClass:/Script/Engine.WorldPartitionHLOD Name:HLOD0_Instancing_000000002387b4dc Label:HLOD0_OpenWorld_MainGrid_L0_X2_Y3_DL0 SpatiallyLoaded:0 Bounds:IsValid=true, Min=(X=51200.000 Y=76800.000 Z=-100.000), Max=(X=76800.000 Y=102400.000 Z=14989.844) RuntimeGrid:None EditorOnly:0 RuntimeOnly:1 HLODRelevant:1
 |   |   |- Guid:C38F770B402FDA305201AFA2CD90F3FD BaseClass: NativeClass:/Script/Engine.WorldPartitionHLOD Name:HLOD0_Instancing_00000000508891d2 Label:HLOD0_OpenWorld_MainGrid_L0_X1_Y-1_DL0 SpatiallyLoaded:0 Bounds:IsValid=true, Min=(X=25600.000 Y=-25600.000 Z=-100.000), Max=(X=51200.000 Y=0.000 Z=14989.844) RuntimeGrid:None EditorOnly:0 RuntimeOnly:1 HLODRelevant:1
 |   |   |- Guid:C8BF61E843356EEB65D9779F1B106332 BaseClass: NativeClass:/Script/Engine.WorldPartitionHLOD Name:HLOD0_Instancing_00000000c00ec4b5 Label:HLOD0_OpenWorld_MainGrid_L0_X1_Y0_DL0 SpatiallyLoaded:0 Bounds:IsValid=true, Min=(X=25600.000 Y=0.000 Z=-100.000), Max=(X=51200.000 Y=25600.000 Z=14989.844) RuntimeGrid:None EditorOnly:0 RuntimeOnly:1 HLODRelevant:1
 |   |   |- Guid:DAF7DF5345F2A050AE37B8A6C682B69C BaseClass: NativeClass:/Script/Engine.WorldPartitionHLOD Name:HLOD0_Instancing_00000000996e8bf0 Label:HLOD0_OpenWorld_MainGrid_L0_X-4_Y2_DL0 SpatiallyLoaded:0 Bounds:IsValid=true, Min=(X=-102400.000 Y=51200.000 Z=-100.000), Max=(X=-76800.000 Y=76800.000 Z=14989.844) RuntimeGrid:None EditorOnly:0 RuntimeOnly:1 HLODRelevant:1
 |   |   |- Guid:DEA9B7AC437BBF0212C5CD9E3291C8D0 BaseClass: NativeClass:/Script/Engine.WorldPartitionHLOD Name:HLOD0_Instancing_000000002736acc5 Label:HLOD0_OpenWorld_MainGrid_L0_X-3_Y3_DL0 SpatiallyLoaded:0 Bounds:IsValid=true, Min=(X=-76800.000 Y=76800.000 Z=-100.000), Max=(X=-51200.000 Y=102400.000 Z=14989.844) RuntimeGrid:None EditorOnly:0 RuntimeOnly:1 HLODRelevant:1
 |   |   |- Guid:E4E1F1804302050672F9008B95EA71B1 BaseClass: NativeClass:/Script/Engine.WorldPartitionHLOD Name:HLOD0_Instancing_000000003393e7ba Label:HLOD0_OpenWorld_MainGrid_L0_X1_Y-3_DL0 SpatiallyLoaded:0 Bounds:IsValid=true, Min=(X=25600.000 Y=-76800.000 Z=-100.000), Max=(X=51200.000 Y=-51200.000 Z=14989.844) RuntimeGrid:None EditorOnly:0 RuntimeOnly:1 HLODRelevant:1
 |   |   |- Guid:E59F676A481F984F679D059A0974AD9F BaseClass: NativeClass:/Script/Engine.WorldPartitionHLOD Name:HLOD0_Instancing_00000000230aa77d Label:HLOD0_OpenWorld_MainGrid_L0_X-1_Y-3_DL0 SpatiallyLoaded:0 Bounds:IsValid=true, Min=(X=-25600.000 Y=-76800.000 Z=-100.000), Max=(X=0.000 Y=-51200.000 Z=14989.844) RuntimeGrid:None EditorOnly:0 RuntimeOnly:1 HLODRelevant:1
 |   |   |- Guid:E6C4C89747E65FCDCCFD648F081F47C2 BaseClass: NativeClass:/Script/Landscape.LandscapeStreamingProxy Name:LandscapeStreamingProxy_D7T4VF4LBP34PHV9XOEVM5TIG_1_3_3_0 Label:LandscapeStreamingProxy_3_3_0 SpatiallyLoaded:1 Bounds:IsValid=true, Min=(X=-25200.000 Y=-25200.000 Z=-100.000), Max=(X=0.000 Y=0.000 Z=100.000) RuntimeGrid:None EditorOnly:0 RuntimeOnly:0 HLODRelevant:1
 |   |   |- Guid:EA6FF2784D67D03BA1D8A8A741324350 BaseClass: NativeClass:/Script/Engine.WorldPartitionHLOD Name:HLOD0_Instancing_00000000dc9b511f Label:HLOD0_OpenWorld_MainGrid_L0_X-4_Y1_DL0 SpatiallyLoaded:0 Bounds:IsValid=true, Min=(X=-102400.000 Y=25600.000 Z=-100.000), Max=(X=-76800.000 Y=51200.000 Z=14989.844) RuntimeGrid:None EditorOnly:0 RuntimeOnly:1 HLODRelevant:1
 |   |   |- Guid:EDA0A1FD405BC03AE093ABBCDC7D9CA5 BaseClass: NativeClass:/Script/Engine.WorldPartitionHLOD Name:HLOD0_Instancing_00000000a73cde12 Label:HLOD0_OpenWorld_MainGrid_L0_X0_Y3_DL0 SpatiallyLoaded:0 Bounds:IsValid=true, Min=(X=0.000 Y=76800.000 Z=-100.000), Max=(X=25600.000 Y=102400.000 Z=14989.844) RuntimeGrid:None EditorOnly:0 RuntimeOnly:1 HLODRelevant:1
 |   |   |- Guid:F03A0B1E470D94B057853892C49B8D08 BaseClass: NativeClass:/Script/Engine.WorldPartitionHLOD Name:HLOD0_Instancing_000000000852772e Label:HLOD0_OpenWorld_MainGrid_L0_X-1_Y2_DL0 SpatiallyLoaded:0 Bounds:IsValid=true, Min=(X=-25600.000 Y=51200.000 Z=-100.000), Max=(X=0.000 Y=76800.000 Z=14989.844) RuntimeGrid:None EditorOnly:0 RuntimeOnly:1 HLODRelevant:1
 |   |   |- Guid:F4E703D045A6833E45ADA0B8F9C4890B BaseClass: NativeClass:/Script/Engine.WorldPartitionHLOD Name:HLOD0_Instancing_000000004feb735e Label:HLOD0_OpenWorld_MainGrid_L0_X-3_Y-2_DL0 SpatiallyLoaded:0 Bounds:IsValid=true, Min=(X=-76800.000 Y=-51200.000 Z=-100.000), Max=(X=-51200.000 Y=-25600.000 Z=14989.844) RuntimeGrid:None EditorOnly:0 RuntimeOnly:1 HLODRelevant:1
 |   |- [+] Clusters:
 |   |   |- [+] [  0]
 |   |   |   |- Guid:55BFA42D47899CE61D5D9492EC7F9B2A BaseClass: NativeClass:/Script/Engine.WorldPartitionHLOD Name:HLOD0_Instancing_0000000082a82ff0 Label:HLOD0_OpenWorld_MainGrid_L0_X3_Y3_DL0 SpatiallyLoaded:0 Bounds:IsValid=true, Min=(X=76800.000 Y=76800.000 Z=-100.000), Max=(X=102400.000 Y=102400.000 Z=14989.844) RuntimeGrid:None EditorOnly:0 RuntimeOnly:1 HLODRelevant:1
 |   |   |- [+] [  1]
 |   |   |   |- Guid:25D5FE604258EA1057C538B34072482E BaseClass: NativeClass:/Script/Engine.WorldPartitionHLOD Name:HLOD0_Instancing_00000000f0784cb4 Label:HLOD0_OpenWorld_MainGrid_L0_X-1_Y0_DL0 SpatiallyLoaded:0 Bounds:IsValid=true, Min=(X=-25600.000 Y=0.000 Z=-100.000), Max=(X=0.000 Y=25600.000 Z=14989.844) RuntimeGrid:None EditorOnly:0 RuntimeOnly:1 HLODRelevant:1
 |   |   |- [+] [  2]
 |   |   |   |- Guid:815A36ED46E45B01A1DC3DBB2BCCA6DC BaseClass: NativeClass:/Script/Engine.WorldPartitionHLOD Name:HLOD0_Instancing_000000004be17f76 Label:HLOD0_OpenWorld_MainGrid_L0_X-3_Y1_DL0 SpatiallyLoaded:0 Bounds:IsValid=true, Min=(X=-76800.000 Y=25600.000 Z=-100.000), Max=(X=-51200.000 Y=51200.000 Z=14989.844) RuntimeGrid:None EditorOnly:0 RuntimeOnly:1 HLODRelevant:1
 |   |   |- [+] [  3]
 |   |   |   |- Guid:14317BBA411C3F7123D509B224B2ADE0 BaseClass: NativeClass:/Script/Engine.WorldPartitionHLOD Name:HLOD0_Instancing_00000000540f823d Label:HLOD0_OpenWorld_MainGrid_L0_X3_Y-4_DL0 SpatiallyLoaded:0 Bounds:IsValid=true, Min=(X=76800.000 Y=-102400.000 Z=-100.000), Max=(X=102400.000 Y=-76800.000 Z=14989.844) RuntimeGrid:None EditorOnly:0 RuntimeOnly:1 HLODRelevant:1
 |   |   |- [+] [  4]
 |   |   |   |- Guid:0E67028948A17888484F83BB3023D9B9 BaseClass: NativeClass:/Script/Engine.WorldPartitionHLOD Name:HLOD0_Instancing_00000000e27c95f8 Label:HLOD0_OpenWorld_MainGrid_L0_X2_Y-2_DL0 SpatiallyLoaded:0 Bounds:IsValid=true, Min=(X=51200.000 Y=-51200.000 Z=-100.000), Max=(X=76800.000 Y=-25600.000 Z=14989.844) RuntimeGrid:None EditorOnly:0 RuntimeOnly:1 HLODRelevant:1
 |   |   |- [+] [  5]
 |   |   |   |- Guid:407BD9884AC7D91C2B7C99BFDC32F417 BaseClass: NativeClass:/Script/Engine.WorldPartitionHLOD Name:HLOD0_Instancing_0000000027c3e1de Label:HLOD0_OpenWorld_MainGrid_L0_X-3_Y-3_DL0 SpatiallyLoaded:0 Bounds:IsValid=true, Min=(X=-76800.000 Y=-76800.000 Z=-100.000), Max=(X=-51200.000 Y=-51200.000 Z=14989.844) RuntimeGrid:None EditorOnly:0 RuntimeOnly:1 HLODRelevant:1
 |   |   |- [+] [  6]
 |   |   |   |- Guid:4DC277034D883728A100AD96037AD2B2 BaseClass: NativeClass:/Script/Engine.WorldPartitionHLOD Name:HLOD0_Instancing_000000009639f7d3 Label:HLOD0_OpenWorld_MainGrid_L0_X3_Y-1_DL0 SpatiallyLoaded:0 Bounds:IsValid=true, Min=(X=76800.000 Y=-25600.000 Z=-100.000), Max=(X=102400.000 Y=0.000 Z=14989.844) RuntimeGrid:None EditorOnly:0 RuntimeOnly:1 HLODRelevant:1
 |   |   |- [+] [  7]
 |   |   |   |- Guid:AD5DB85A47406CDEDC99B097F17AB425 BaseClass: NativeClass:/Script/Engine.WorldPartitionHLOD Name:HLOD0_Instancing_00000000eef22c50 Label:HLOD0_OpenWorld_MainGrid_L0_X-2_Y-4_DL0 SpatiallyLoaded:0 Bounds:IsValid=true, Min=(X=-51200.000 Y=-102400.000 Z=-100.000), Max=(X=-25600.000 Y=-76800.000 Z=14989.844) RuntimeGrid:None EditorOnly:0 RuntimeOnly:1 HLODRelevant:1
 |   |   |- [+] [  8]
 |   |   |   |- Guid:45625FF44D0EAF637F858CB667DFA822 BaseClass: NativeClass:/Script/Engine.WorldPartitionHLOD Name:HLOD0_Instancing_00000000893b99cf Label:HLOD0_OpenWorld_MainGrid_L0_X-3_Y2_DL0 SpatiallyLoaded:0 Bounds:IsValid=true, Min=(X=-76800.000 Y=51200.000 Z=-100.000), Max=(X=-51200.000 Y=76800.000 Z=14989.844) RuntimeGrid:None EditorOnly:0 RuntimeOnly:1 HLODRelevant:1
 |   |   |- [+] [  9]
 |   |   |   |- Guid:AAAC6B5742760A58C2206DB37E44683C BaseClass: NativeClass:/Script/Engine.DirectionalLight Name:DirectionalLight_UAID_A85E45CFE40401D200_1470382761 Label:DirectionalLight SpatiallyLoaded:0 Bounds:IsValid=true, Min=(X=-4398046511104.000 Y=-4398046511104.000 Z=-4398046511104.000), Max=(X=4398046511104.000 Y=4398046511104.000 Z=4398046511104.000) RuntimeGrid:None EditorOnly:0 RuntimeOnly:0 HLODRelevant:0 FolderGuid:B7E9BD5B45A652654791988DEF54CCEB
 |   |   |- [+] [ 10]
 |   |   |   |- Guid:6BE227904051705E261661AA2D511554 BaseClass: NativeClass:/Script/Engine.WorldPartitionHLOD Name:HLOD0_Instancing_000000007c7efdc7 Label:HLOD0_OpenWorld_MainGrid_L0_X-2_Y1_DL0 SpatiallyLoaded:0 Bounds:IsValid=true, Min=(X=-51200.000 Y=25600.000 Z=-100.000), Max=(X=-25600.000 Y=51200.000 Z=14989.844) RuntimeGrid:None EditorOnly:0 RuntimeOnly:1 HLODRelevant:1
 |   |   |- [+] [ 11]
 |   |   |   |- Guid:DEA9B7AC437BBF0212C5CD9E3291C8D0 BaseClass: NativeClass:/Script/Engine.WorldPartitionHLOD Name:HLOD0_Instancing_000000002736acc5 Label:HLOD0_OpenWorld_MainGrid_L0_X-3_Y3_DL0 SpatiallyLoaded:0 Bounds:IsValid=true, Min=(X=-76800.000 Y=76800.000 Z=-100.000), Max=(X=-51200.000 Y=102400.000 Z=14989.844) RuntimeGrid:None EditorOnly:0 RuntimeOnly:1 HLODRelevant:1
 |   |   |- [+] [ 12]
 |   |   |   |- Guid:F4E703D045A6833E45ADA0B8F9C4890B BaseClass: NativeClass:/Script/Engine.WorldPartitionHLOD Name:HLOD0_Instancing_000000004feb735e Label:HLOD0_OpenWorld_MainGrid_L0_X-3_Y-2_DL0 SpatiallyLoaded:0 Bounds:IsValid=true, Min=(X=-76800.000 Y=-51200.000 Z=-100.000), Max=(X=-51200.000 Y=-25600.000 Z=14989.844) RuntimeGrid:None EditorOnly:0 RuntimeOnly:1 HLODRelevant:1
 |   |   |- [+] [ 13]
 |   |   |   |- Guid:228A9B534294509B224D53A618B59706 BaseClass: NativeClass:/Script/Engine.WorldPartitionHLOD Name:HLOD0_Instancing_000000007bb96928 Label:HLOD0_OpenWorld_MainGrid_L0_X0_Y2_DL0 SpatiallyLoaded:0 Bounds:IsValid=true, Min=(X=0.000 Y=51200.000 Z=-100.000), Max=(X=25600.000 Y=76800.000 Z=14989.844) RuntimeGrid:None EditorOnly:0 RuntimeOnly:1 HLODRelevant:1
 |   |   |- [+] [ 14]
 |   |   |   |- Guid:00A8FB3B43E733B56A5585ADAC64585A BaseClass: NativeClass:/Script/Engine.WorldPartitionHLOD Name:HLOD0_Instancing_00000000ea248747 Label:HLOD0_OpenWorld_MainGrid_L0_X1_Y2_DL0 SpatiallyLoaded:0 Bounds:IsValid=true, Min=(X=25600.000 Y=51200.000 Z=-100.000), Max=(X=51200.000 Y=76800.000 Z=14989.844) RuntimeGrid:None EditorOnly:0 RuntimeOnly:1 HLODRelevant:1
 |   |   |- [+] [ 15]
 |   |   |   |- Guid:53DF6BCB46D348054C2B569842C8D2CF BaseClass: NativeClass:/Script/Engine.WorldPartitionHLOD Name:HLOD0_Instancing_000000002ef26eb8 Label:HLOD0_OpenWorld_MainGrid_L0_X0_Y-4_DL0 SpatiallyLoaded:0 Bounds:IsValid=true, Min=(X=0.000 Y=-102400.000 Z=-100.000), Max=(X=25600.000 Y=-76800.000 Z=14989.844) RuntimeGrid:None EditorOnly:0 RuntimeOnly:1 HLODRelevant:1
 |   |   |- [+] [ 16]
 |   |   |   |- Guid:ACED9B084AC1095B497751AEF919E596 BaseClass: NativeClass:/Script/Engine.WorldPartitionHLOD Name:HLOD0_Instancing_0000000049f1f76e Label:HLOD0_OpenWorld_MainGrid_L0_X2_Y2_DL0 SpatiallyLoaded:0 Bounds:IsValid=true, Min=(X=51200.000 Y=51200.000 Z=-100.000), Max=(X=76800.000 Y=76800.000 Z=14989.844) RuntimeGrid:None EditorOnly:0 RuntimeOnly:1 HLODRelevant:1
 |   |   |- [+] [ 17]
 |   |   |   |- Guid:82111EBA4245874D247823848B4F1385 BaseClass: NativeClass:/Script/Landscape.LandscapeStreamingProxy Name:LandscapeStreamingProxy_D7T4VF4LBP34PHV9XOEVM5TIG_1_4_3_0 Label:LandscapeStreamingProxy_4_3_0 SpatiallyLoaded:1 Bounds:IsValid=true, Min=(X=0.000 Y=-25200.000 Z=-100.000), Max=(X=25200.000 Y=0.000 Z=100.000) RuntimeGrid:None EditorOnly:0 RuntimeOnly:0 HLODRelevant:1
 |   |   |- [+] [ 18]
 |   |   |   |- Guid:851A759D4F6D8E901FEF83847B3BB43D BaseClass: NativeClass:/Script/Engine.WorldPartitionHLOD Name:HLOD0_Instancing_00000000589398c3 Label:HLOD0_OpenWorld_MainGrid_L0_X-4_Y0_DL0 SpatiallyLoaded:0 Bounds:IsValid=true, Min=(X=-102400.000 Y=0.000 Z=-100.000), Max=(X=-76800.000 Y=25600.000 Z=14989.844) RuntimeGrid:None EditorOnly:0 RuntimeOnly:1 HLODRelevant:1
 |   |   |- [+] [ 19]
 |   |   |   |- Guid:3DED43BD4DE10A4A422617A58713A463 BaseClass: NativeClass:/Script/Engine.WorldPartitionHLOD Name:HLOD0_Instancing_000000003dc2da02 Label:HLOD0_OpenWorld_MainGrid_L0_X1_Y3_DL0 SpatiallyLoaded:0 Bounds:IsValid=true, Min=(X=25600.000 Y=76800.000 Z=-100.000), Max=(X=51200.000 Y=102400.000 Z=14989.844) RuntimeGrid:None EditorOnly:0 RuntimeOnly:1 HLODRelevant:1
 |   |   |- [+] [ 20]
 |   |   |   |- Guid:48365B364D8B19943415A6A5910D1BDE BaseClass: NativeClass:/Script/Engine.WorldPartitionHLOD Name:HLOD0_Instancing_0000000059769322 Label:HLOD0_OpenWorld_MainGrid_L0_X-1_Y-1_DL0 SpatiallyLoaded:0 Bounds:IsValid=true, Min=(X=-25600.000 Y=-25600.000 Z=-100.000), Max=(X=0.000 Y=0.000 Z=14989.844) RuntimeGrid:None EditorOnly:0 RuntimeOnly:1 HLODRelevant:1
 |   |   |- [+] [ 21]
 |   |   |   |- Guid:8A8E01274F6FA092A6F20CA168B690C5 BaseClass: NativeClass:/Script/Engine.WorldPartitionHLOD Name:HLOD0_Instancing_00000000756bc398 Label:HLOD0_OpenWorld_MainGrid_L0_X-4_Y3_DL0 SpatiallyLoaded:0 Bounds:IsValid=true, Min=(X=-102400.000 Y=76800.000 Z=-100.000), Max=(X=-76800.000 Y=102400.000 Z=14989.844) RuntimeGrid:None EditorOnly:0 RuntimeOnly:1 HLODRelevant:1
 |   |   |- [+] [ 22]
 |   |   |   |- Guid:6C0B3A974F0332D4078427892E1DF9FC BaseClass: NativeClass:/Script/Engine.WorldPartitionHLOD Name:HLOD0_Instancing_000000003106dab4 Label:HLOD0_OpenWorld_MainGrid_L0_X-3_Y-4_DL0 SpatiallyLoaded:0 Bounds:IsValid=true, Min=(X=-76800.000 Y=-102400.000 Z=-100.000), Max=(X=-51200.000 Y=-76800.000 Z=14989.844) RuntimeGrid:None EditorOnly:0 RuntimeOnly:1 HLODRelevant:1
 |   |   |- [+] [ 23]
 |   |   |   |- Guid:EA6FF2784D67D03BA1D8A8A741324350 BaseClass: NativeClass:/Script/Engine.WorldPartitionHLOD Name:HLOD0_Instancing_00000000dc9b511f Label:HLOD0_OpenWorld_MainGrid_L0_X-4_Y1_DL0 SpatiallyLoaded:0 Bounds:IsValid=true, Min=(X=-102400.000 Y=25600.000 Z=-100.000), Max=(X=-76800.000 Y=51200.000 Z=14989.844) RuntimeGrid:None EditorOnly:0 RuntimeOnly:1 HLODRelevant:1
 |   |   |- [+] [ 24]
 |   |   |   |- Guid:736DB8384EECBCCCDA745C8C29C2140D BaseClass: NativeClass:/Script/Engine.WorldPartitionHLOD Name:HLOD0_Instancing_00000000f189c022 Label:HLOD0_OpenWorld_MainGrid_L0_X2_Y1_DL0 SpatiallyLoaded:0 Bounds:IsValid=true, Min=(X=51200.000 Y=25600.000 Z=-100.000), Max=(X=76800.000 Y=51200.000 Z=14989.844) RuntimeGrid:None EditorOnly:0 RuntimeOnly:1 HLODRelevant:1
 |   |   |- [+] [ 25]
 |   |   |   |- Guid:C23BF025414AF78FE8923192D3CA681A BaseClass: NativeClass:/Script/Engine.WorldPartitionHLOD Name:HLOD0_Instancing_000000002387b4dc Label:HLOD0_OpenWorld_MainGrid_L0_X2_Y3_DL0 SpatiallyLoaded:0 Bounds:IsValid=true, Min=(X=51200.000 Y=76800.000 Z=-100.000), Max=(X=76800.000 Y=102400.000 Z=14989.844) RuntimeGrid:None EditorOnly:0 RuntimeOnly:1 HLODRelevant:1
 |   |   |- [+] [ 26]
 |   |   |   |- Guid:6845AB9B4CDD0C0D192617A71808D441 BaseClass: NativeClass:/Script/Engine.WorldPartitionHLOD Name:HLOD0_Instancing_00000000db5f9a5d Label:HLOD0_OpenWorld_MainGrid_L0_X0_Y0_DL0 SpatiallyLoaded:0 Bounds:IsValid=true, Min=(X=0.000 Y=0.000 Z=-100.000), Max=(X=25600.000 Y=25600.000 Z=14989.844) RuntimeGrid:None EditorOnly:0 RuntimeOnly:1 HLODRelevant:1
 |   |   |- [+] [ 27]
 |   |   |   |- Guid:E4E1F1804302050672F9008B95EA71B1 BaseClass: NativeClass:/Script/Engine.WorldPartitionHLOD Name:HLOD0_Instancing_000000003393e7ba Label:HLOD0_OpenWorld_MainGrid_L0_X1_Y-3_DL0 SpatiallyLoaded:0 Bounds:IsValid=true, Min=(X=25600.000 Y=-76800.000 Z=-100.000), Max=(X=51200.000 Y=-51200.000 Z=14989.844) RuntimeGrid:None EditorOnly:0 RuntimeOnly:1 HLODRelevant:1
 |   |   |- [+] [ 28]
 |   |   |   |- Guid:7F1ECEFF488AE54636BDAAAB92FE5010 BaseClass: NativeClass:/Script/Engine.WorldPartitionHLOD Name:HLOD0_Instancing_000000006daae27a Label:HLOD0_OpenWorld_MainGrid_L0_X1_Y-2_DL0 SpatiallyLoaded:0 Bounds:IsValid=true, Min=(X=25600.000 Y=-51200.000 Z=-100.000), Max=(X=51200.000 Y=-25600.000 Z=14989.844) RuntimeGrid:None EditorOnly:0 RuntimeOnly:1 HLODRelevant:1
 |   |   |- [+] [ 29]
 |   |   |   |- Guid:A22807CB4E068FED5D458F928328F794 BaseClass: NativeClass:/Script/Engine.WorldPartitionHLOD Name:HLOD0_Instancing_00000000ddf5480a Label:HLOD0_OpenWorld_MainGrid_L0_X2_Y0_DL0 SpatiallyLoaded:0 Bounds:IsValid=true, Min=(X=51200.000 Y=0.000 Z=-100.000), Max=(X=76800.000 Y=25600.000 Z=14989.844) RuntimeGrid:None EditorOnly:0 RuntimeOnly:1 HLODRelevant:1
 |   |   |- [+] [ 30]
 |   |   |   |- Guid:51BF68734BFA681690A183ADBF1655E2 BaseClass: NativeClass:/Script/Engine.WorldPartitionHLOD Name:HLOD0_Instancing_000000002dc52928 Label:HLOD0_OpenWorld_MainGrid_L0_X3_Y-3_DL0 SpatiallyLoaded:0 Bounds:IsValid=true, Min=(X=76800.000 Y=-76800.000 Z=-100.000), Max=(X=102400.000 Y=-51200.000 Z=14989.844) RuntimeGrid:None EditorOnly:0 RuntimeOnly:1 HLODRelevant:1
 |   |   |- [+] [ 31]
 |   |   |   |- Guid:80FF581E4FE4215B2068F1AFA94E0968 BaseClass: NativeClass:/Script/Engine.WorldPartitionHLOD Name:HLOD0_Instancing_0000000045fa3dc2 Label:HLOD0_OpenWorld_MainGrid_L0_X0_Y-2_DL0 SpatiallyLoaded:0 Bounds:IsValid=true, Min=(X=0.000 Y=-51200.000 Z=-100.000), Max=(X=25600.000 Y=-25600.000 Z=14989.844) RuntimeGrid:None EditorOnly:0 RuntimeOnly:1 HLODRelevant:1
 |   |   |- [+] [ 32]
 |   |   |   |- Guid:E59F676A481F984F679D059A0974AD9F BaseClass: NativeClass:/Script/Engine.WorldPartitionHLOD Name:HLOD0_Instancing_00000000230aa77d Label:HLOD0_OpenWorld_MainGrid_L0_X-1_Y-3_DL0 SpatiallyLoaded:0 Bounds:IsValid=true, Min=(X=-25600.000 Y=-76800.000 Z=-100.000), Max=(X=0.000 Y=-51200.000 Z=14989.844) RuntimeGrid:None EditorOnly:0 RuntimeOnly:1 HLODRelevant:1
 |   |   |- [+] [ 33]
 |   |   |   |- Guid:391CBAE6451D85ABC3D467A458600BB9 BaseClass: NativeClass:/Script/Engine.WorldPartitionHLOD Name:HLOD0_Instancing_00000000d84a2e5a Label:HLOD0_OpenWorld_MainGrid_L0_X-2_Y3_DL0 SpatiallyLoaded:0 Bounds:IsValid=true, Min=(X=-51200.000 Y=76800.000 Z=-100.000), Max=(X=-25600.000 Y=102400.000 Z=14989.844) RuntimeGrid:None EditorOnly:0 RuntimeOnly:1 HLODRelevant:1
 |   |   |- [+] [ 34]
 |   |   |   |- Guid:2C51082445A1441AED284A95914BAC81 BaseClass: NativeClass:/Script/Engine.WorldPartitionHLOD Name:HLOD0_Instancing_0000000094033ddb Label:HLOD0_OpenWorld_MainGrid_L0_X-1_Y-4_DL0 SpatiallyLoaded:0 Bounds:IsValid=true, Min=(X=-25600.000 Y=-102400.000 Z=-100.000), Max=(X=0.000 Y=-76800.000 Z=14989.844) RuntimeGrid:None EditorOnly:0 RuntimeOnly:1 HLODRelevant:1
 |   |   |- [+] [ 35]
 |   |   |   |- Guid:7BBE98354AD9D862E281199C9BDB0E57 BaseClass: NativeClass:/Script/Engine.WorldPartitionHLOD Name:HLOD0_Instancing_00000000b5f3d2cc Label:HLOD0_OpenWorld_MainGrid_L0_X2_Y-3_DL0 SpatiallyLoaded:0 Bounds:IsValid=true, Min=(X=51200.000 Y=-76800.000 Z=-100.000), Max=(X=76800.000 Y=-51200.000 Z=14989.844) RuntimeGrid:None EditorOnly:0 RuntimeOnly:1 HLODRelevant:1
 |   |   |- [+] [ 36]
 |   |   |   |- Guid:8252E67A45AF84C4C0A6BD88ABCE1CD0 BaseClass: NativeClass:/Script/Engine.WorldPartitionHLOD Name:HLOD0_Instancing_00000000d63e134d Label:HLOD0_OpenWorld_MainGrid_L0_X-2_Y0_DL0 SpatiallyLoaded:0 Bounds:IsValid=true, Min=(X=-51200.000 Y=0.000 Z=-100.000), Max=(X=-25600.000 Y=25600.000 Z=14989.844) RuntimeGrid:None EditorOnly:0 RuntimeOnly:1 HLODRelevant:1
 |   |   |- [+] [ 37]
 |   |   |   |- Guid:4328ED974775673185E015B69DD99DBC BaseClass: NativeClass:/Script/Engine.WorldPartitionHLOD Name:HLOD0_Instancing_0000000044625dde Label:HLOD0_OpenWorld_MainGrid_L0_X0_Y1_DL0 SpatiallyLoaded:0 Bounds:IsValid=true, Min=(X=0.000 Y=25600.000 Z=-100.000), Max=(X=25600.000 Y=51200.000 Z=14989.844) RuntimeGrid:None EditorOnly:0 RuntimeOnly:1 HLODRelevant:1
 |   |   |- [+] [ 38]
 |   |   |   |- Guid:6105DFC8455BD6187C58599574DAB74F BaseClass: NativeClass:/Script/Engine.WorldPartitionHLOD Name:HLOD0_Instancing_00000000057d7667 Label:HLOD0_OpenWorld_MainGrid_L0_X2_Y-1_DL0 SpatiallyLoaded:0 Bounds:IsValid=true, Min=(X=51200.000 Y=-25600.000 Z=-100.000), Max=(X=76800.000 Y=0.000 Z=14989.844) RuntimeGrid:None EditorOnly:0 RuntimeOnly:1 HLODRelevant:1
 |   |   |- [+] [ 39]
 |   |   |   |- Guid:914F0A874E78636614A9F7903A68479C BaseClass: NativeClass:/Script/Engine.WorldPartitionHLOD Name:HLOD0_Instancing_000000008d050c1d Label:HLOD0_OpenWorld_MainGrid_L0_X-1_Y1_DL0 SpatiallyLoaded:0 Bounds:IsValid=true, Min=(X=-25600.000 Y=25600.000 Z=-100.000), Max=(X=0.000 Y=51200.000 Z=14989.844) RuntimeGrid:None EditorOnly:0 RuntimeOnly:1 HLODRelevant:1
 |   |   |- [+] [ 40]
 |   |   |   |- Guid:F03A0B1E470D94B057853892C49B8D08 BaseClass: NativeClass:/Script/Engine.WorldPartitionHLOD Name:HLOD0_Instancing_000000000852772e Label:HLOD0_OpenWorld_MainGrid_L0_X-1_Y2_DL0 SpatiallyLoaded:0 Bounds:IsValid=true, Min=(X=-25600.000 Y=51200.000 Z=-100.000), Max=(X=0.000 Y=76800.000 Z=14989.844) RuntimeGrid:None EditorOnly:0 RuntimeOnly:1 HLODRelevant:1
 |   |   |- [+] [ 41]
 |   |   |   |- Guid:4EBF16C94F900DF8498DF18ADECD8BB7 BaseClass: NativeClass:/Script/Engine.WorldPartitionHLOD Name:HLOD0_Instancing_0000000017732148 Label:HLOD0_OpenWorld_MainGrid_L0_X1_Y-4_DL0 SpatiallyLoaded:0 Bounds:IsValid=true, Min=(X=25600.000 Y=-102400.000 Z=-100.000), Max=(X=51200.000 Y=-76800.000 Z=14989.844) RuntimeGrid:None EditorOnly:0 RuntimeOnly:1 HLODRelevant:1
 |   |   |- [+] [ 42]
 |   |   |   |- Guid:709BACE64B30BF18B99529BD1B321A03 BaseClass: NativeClass:/Script/Engine.WorldPartitionHLOD Name:HLOD0_Instancing_00000000a68d5e96 Label:HLOD0_OpenWorld_MainGrid_L0_X-3_Y-1_DL0 SpatiallyLoaded:0 Bounds:IsValid=true, Min=(X=-76800.000 Y=-25600.000 Z=-100.000), Max=(X=-51200.000 Y=0.000 Z=14989.844) RuntimeGrid:None EditorOnly:0 RuntimeOnly:1 HLODRelevant:1
 |   |   |- [+] [ 43]
 |   |   |   |- Guid:218E3B124735712D7EF272B4FB8E7FF6 BaseClass: NativeClass:/Script/Landscape.Landscape Name:Landscape_UAID_A85E45CFE404FBD100_1221515703 Label:Landscape SpatiallyLoaded:0 Bounds:IsValid=true, Min=(X=-100800.000 Y=-100800.000 Z=100.000), Max=(X=-100800.000 Y=-100800.000 Z=100.000) RuntimeGrid:None EditorOnly:0 RuntimeOnly:0 HLODRelevant:0
 |   |   |- [+] [ 44]
 |   |   |   |- Guid:0B6A8C9647187D3A49245BA993A3E1C5 BaseClass: NativeClass:/Script/Engine.WorldPartitionHLOD Name:HLOD0_Instancing_0000000016e3f9ab Label:HLOD0_OpenWorld_MainGrid_L0_X-4_Y-1_DL0 SpatiallyLoaded:0 Bounds:IsValid=true, Min=(X=-102400.000 Y=-25600.000 Z=-100.000), Max=(X=-76800.000 Y=0.000 Z=14989.844) RuntimeGrid:None EditorOnly:0 RuntimeOnly:1 HLODRelevant:1
 |   |   |- [+] [ 45]
 |   |   |   |- Guid:2C63036741E39B2B740547826855AF81 BaseClass: NativeClass:/Script/Engine.WorldPartitionHLOD Name:HLOD0_Instancing_0000000069c9b8f4 Label:HLOD0_OpenWorld_MainGrid_L0_X0_Y-1_DL0 SpatiallyLoaded:0 Bounds:IsValid=true, Min=(X=0.000 Y=-25600.000 Z=-100.000), Max=(X=25600.000 Y=0.000 Z=14989.844) RuntimeGrid:None EditorOnly:0 RuntimeOnly:1 HLODRelevant:1
 |   |   |- [+] [ 46]
 |   |   |   |- Guid:24FE497144BC431AC904D784CB423C92 BaseClass: NativeClass:/Script/Engine.WorldPartitionHLOD Name:HLOD0_Instancing_00000000c3d60ccf Label:HLOD0_OpenWorld_MainGrid_L0_X2_Y-4_DL0 SpatiallyLoaded:0 Bounds:IsValid=true, Min=(X=51200.000 Y=-102400.000 Z=-100.000), Max=(X=76800.000 Y=-76800.000 Z=14989.844) RuntimeGrid:None EditorOnly:0 RuntimeOnly:1 HLODRelevant:1
 |   |   |- [+] [ 47]
 |   |   |   |- Guid:3C21CA9A4D9727B9E1D5808D2DBEA56E BaseClass: NativeClass:/Script/Engine.WorldPartitionHLOD Name:HLOD0_Instancing_0000000057d513c4 Label:HLOD0_OpenWorld_MainGrid_L0_X-2_Y2_DL0 SpatiallyLoaded:0 Bounds:IsValid=true, Min=(X=-51200.000 Y=51200.000 Z=-100.000), Max=(X=-25600.000 Y=76800.000 Z=14989.844) RuntimeGrid:None EditorOnly:0 RuntimeOnly:1 HLODRelevant:1
 |   |   |- [+] [ 48]
 |   |   |   |- Guid:A352FA744776A837E827BD8FD622D2BF BaseClass: NativeClass:/Script/Engine.WorldPartitionHLOD Name:HLOD0_Instancing_00000000725c25b5 Label:HLOD0_OpenWorld_MainGrid_L0_X-2_Y-3_DL0 SpatiallyLoaded:0 Bounds:IsValid=true, Min=(X=-51200.000 Y=-76800.000 Z=-100.000), Max=(X=-25600.000 Y=-51200.000 Z=14989.844) RuntimeGrid:None EditorOnly:0 RuntimeOnly:1 HLODRelevant:1
 |   |   |- [+] [ 49]
 |   |   |   |- Guid:4B218C654A6BB67D74CCC9962953B492 BaseClass: NativeClass:/Script/Engine.WorldPartitionHLOD Name:HLOD0_Instancing_0000000099f5c3eb Label:HLOD0_OpenWorld_MainGrid_L0_X3_Y0_DL0 SpatiallyLoaded:0 Bounds:IsValid=true, Min=(X=76800.000 Y=0.000 Z=-100.000), Max=(X=102400.000 Y=25600.000 Z=14989.844) RuntimeGrid:None EditorOnly:0 RuntimeOnly:1 HLODRelevant:1
 |   |   |- [+] [ 50]
 |   |   |   |- Guid:707D0D104A1A6DBFBBD050AD016E1BA7 BaseClass: NativeClass:/Script/Landscape.LandscapeStreamingProxy Name:LandscapeStreamingProxy_D7T4VF4LBP34PHV9XOEVM5TIG_1_4_4_0 Label:LandscapeStreamingProxy_4_4_0 SpatiallyLoaded:1 Bounds:IsValid=true, Min=(X=0.000 Y=0.000 Z=-100.000), Max=(X=25200.000 Y=25200.000 Z=100.000) RuntimeGrid:None EditorOnly:0 RuntimeOnly:0 HLODRelevant:1
 |   |   |- [+] [ 51]
 |   |   |   |- Guid:19E0F400432F2CC0ADF73EA48C107A53 BaseClass: NativeClass:/Script/Engine.WorldPartitionHLOD Name:HLOD0_Instancing_0000000013563922 Label:HLOD0_OpenWorld_MainGrid_L0_X0_Y-3_DL0 SpatiallyLoaded:0 Bounds:IsValid=true, Min=(X=0.000 Y=-76800.000 Z=-100.000), Max=(X=25600.000 Y=-51200.000 Z=14989.844) RuntimeGrid:None EditorOnly:0 RuntimeOnly:1 HLODRelevant:1
 |   |   |- [+] [ 52]
 |   |   |   |- Guid:6F702D374AA51898125E4BAAE044CB8E BaseClass: NativeClass:/Script/Engine.WorldPartitionHLOD Name:HLOD0_Instancing_000000007470dadd Label:HLOD0_OpenWorld_MainGrid_L0_X3_Y2_DL0 SpatiallyLoaded:0 Bounds:IsValid=true, Min=(X=76800.000 Y=51200.000 Z=-100.000), Max=(X=102400.000 Y=76800.000 Z=14989.844) RuntimeGrid:None EditorOnly:0 RuntimeOnly:1 HLODRelevant:1
 |   |   |- [+] [ 53]
 |   |   |   |- Guid:1D7DC2714A278DF29A5EE68AE546597A BaseClass: NativeClass:/Script/Engine.WorldPartitionHLOD Name:HLOD0_Instancing_00000000277a8666 Label:HLOD0_OpenWorld_MainGrid_L0_X-4_Y-2_DL0 SpatiallyLoaded:0 Bounds:IsValid=true, Min=(X=-102400.000 Y=-51200.000 Z=-100.000), Max=(X=-76800.000 Y=-25600.000 Z=14989.844) RuntimeGrid:None EditorOnly:0 RuntimeOnly:1 HLODRelevant:1
 |   |   |- [+] [ 54]
 |   |   |   |- Guid:C8BF61E843356EEB65D9779F1B106332 BaseClass: NativeClass:/Script/Engine.WorldPartitionHLOD Name:HLOD0_Instancing_00000000c00ec4b5 Label:HLOD0_OpenWorld_MainGrid_L0_X1_Y0_DL0 SpatiallyLoaded:0 Bounds:IsValid=true, Min=(X=25600.000 Y=0.000 Z=-100.000), Max=(X=51200.000 Y=25600.000 Z=14989.844) RuntimeGrid:None EditorOnly:0 RuntimeOnly:1 HLODRelevant:1
 |   |   |- [+] [ 55]
 |   |   |   |- Guid:C38F770B402FDA305201AFA2CD90F3FD BaseClass: NativeClass:/Script/Engine.WorldPartitionHLOD Name:HLOD0_Instancing_00000000508891d2 Label:HLOD0_OpenWorld_MainGrid_L0_X1_Y-1_DL0 SpatiallyLoaded:0 Bounds:IsValid=true, Min=(X=25600.000 Y=-25600.000 Z=-100.000), Max=(X=51200.000 Y=0.000 Z=14989.844) RuntimeGrid:None EditorOnly:0 RuntimeOnly:1 HLODRelevant:1
 |   |   |- [+] [ 56]
 |   |   |   |- Guid:EDA0A1FD405BC03AE093ABBCDC7D9CA5 BaseClass: NativeClass:/Script/Engine.WorldPartitionHLOD Name:HLOD0_Instancing_00000000a73cde12 Label:HLOD0_OpenWorld_MainGrid_L0_X0_Y3_DL0 SpatiallyLoaded:0 Bounds:IsValid=true, Min=(X=0.000 Y=76800.000 Z=-100.000), Max=(X=25600.000 Y=102400.000 Z=14989.844) RuntimeGrid:None EditorOnly:0 RuntimeOnly:1 HLODRelevant:1
 |   |   |- [+] [ 57]
 |   |   |   |- Guid:552EEF7C4B3949A07AC351A1542D6FBB BaseClass: NativeClass:/Script/Engine.WorldPartitionHLOD Name:HLOD0_Instancing_0000000012d2b5a6 Label:HLOD0_OpenWorld_MainGrid_L0_X-2_Y-1_DL0 SpatiallyLoaded:0 Bounds:IsValid=true, Min=(X=-51200.000 Y=-25600.000 Z=-100.000), Max=(X=-25600.000 Y=0.000 Z=14989.844) RuntimeGrid:None EditorOnly:0 RuntimeOnly:1 HLODRelevant:1
 |   |   |- [+] [ 58]
 |   |   |   |- Guid:DAF7DF5345F2A050AE37B8A6C682B69C BaseClass: NativeClass:/Script/Engine.WorldPartitionHLOD Name:HLOD0_Instancing_00000000996e8bf0 Label:HLOD0_OpenWorld_MainGrid_L0_X-4_Y2_DL0 SpatiallyLoaded:0 Bounds:IsValid=true, Min=(X=-102400.000 Y=51200.000 Z=-100.000), Max=(X=-76800.000 Y=76800.000 Z=14989.844) RuntimeGrid:None EditorOnly:0 RuntimeOnly:1 HLODRelevant:1
 |   |   |- [+] [ 59]
 |   |   |   |- Guid:32D1D49D4DAA79F164A0E7A0FD10EFDB BaseClass: NativeClass:/Script/Engine.WorldPartitionHLOD Name:HLOD0_Instancing_00000000a852d28c Label:HLOD0_OpenWorld_MainGrid_L0_X-2_Y-2_DL0 SpatiallyLoaded:0 Bounds:IsValid=true, Min=(X=-51200.000 Y=-51200.000 Z=-100.000), Max=(X=-25600.000 Y=-25600.000 Z=14989.844) RuntimeGrid:None EditorOnly:0 RuntimeOnly:1 HLODRelevant:1
 |   |   |- [+] [ 60]
 |   |   |   |- Guid:A6884A534D0491C5DE97BDA68DF19970 BaseClass: NativeClass:/Script/Engine.WorldPartitionHLOD Name:HLOD0_Instancing_00000000e771c6ac Label:HLOD0_OpenWorld_MainGrid_L0_X-4_Y-4_DL0 SpatiallyLoaded:0 Bounds:IsValid=true, Min=(X=-102400.000 Y=-102400.000 Z=-100.000), Max=(X=-76800.000 Y=-76800.000 Z=14989.844) RuntimeGrid:None EditorOnly:0 RuntimeOnly:1 HLODRelevant:1
 |   |   |- [+] [ 61]
 |   |   |   |- Guid:A707A1094E72530E573C4BA9C06EC397 BaseClass: NativeClass:/Script/Engine.WorldPartitionHLOD Name:HLOD0_Instancing_00000000e80cbd95 Label:HLOD0_OpenWorld_MainGrid_L0_X-1_Y-2_DL0 SpatiallyLoaded:0 Bounds:IsValid=true, Min=(X=-25600.000 Y=-51200.000 Z=-100.000), Max=(X=0.000 Y=-25600.000 Z=14989.844) RuntimeGrid:None EditorOnly:0 RuntimeOnly:1 HLODRelevant:1
 |   |   |- [+] [ 62]
 |   |   |   |- Guid:B496893B4B0DBAD474FFCD9EAEE9D352 BaseClass: NativeClass:/Script/Engine.WorldPartitionHLOD Name:HLOD0_Instancing_0000000056fbfcde Label:HLOD0_OpenWorld_MainGrid_L0_X-3_Y0_DL0 SpatiallyLoaded:0 Bounds:IsValid=true, Min=(X=-76800.000 Y=0.000 Z=-100.000), Max=(X=-51200.000 Y=25600.000 Z=14989.844) RuntimeGrid:None EditorOnly:0 RuntimeOnly:1 HLODRelevant:1
 |   |   |- [+] [ 63]
 |   |   |   |- Guid:3FBA063F4E89784CC61E368A2019762A BaseClass: NativeClass:/Script/Engine.WorldPartitionHLOD Name:HLOD0_Instancing_000000009da6e84b Label:HLOD0_OpenWorld_MainGrid_L0_X1_Y1_DL0 SpatiallyLoaded:0 Bounds:IsValid=true, Min=(X=25600.000 Y=25600.000 Z=-100.000), Max=(X=51200.000 Y=51200.000 Z=14989.844) RuntimeGrid:None EditorOnly:0 RuntimeOnly:1 HLODRelevant:1
 |   |   |- [+] [ 64]
 |   |   |   |- Guid:E6C4C89747E65FCDCCFD648F081F47C2 BaseClass: NativeClass:/Script/Landscape.LandscapeStreamingProxy Name:LandscapeStreamingProxy_D7T4VF4LBP34PHV9XOEVM5TIG_1_3_3_0 Label:LandscapeStreamingProxy_3_3_0 SpatiallyLoaded:1 Bounds:IsValid=true, Min=(X=-25200.000 Y=-25200.000 Z=-100.000), Max=(X=0.000 Y=0.000 Z=100.000) RuntimeGrid:None EditorOnly:0 RuntimeOnly:0 HLODRelevant:1
 |   |   |- [+] [ 65]
 |   |   |   |- Guid:9CBBDFD8486812AAE8770CB093DB7460 BaseClass: NativeClass:/Script/Landscape.LandscapeStreamingProxy Name:LandscapeStreamingProxy_D7T4VF4LBP34PHV9XOEVM5TIG_1_3_4_0 Label:LandscapeStreamingProxy_3_4_0 SpatiallyLoaded:1 Bounds:IsValid=true, Min=(X=-25200.000 Y=0.000 Z=-100.000), Max=(X=0.000 Y=25200.000 Z=100.000) RuntimeGrid:None EditorOnly:0 RuntimeOnly:0 HLODRelevant:1
 |   |   |- [+] [ 66]
 |   |   |   |- Guid:40404F704104D816586C5FA9487433D0 BaseClass: NativeClass:/Script/Engine.WorldPartitionHLOD Name:HLOD0_Instancing_00000000590dd8d0 Label:HLOD0_OpenWorld_MainGrid_L0_X3_Y1_DL0 SpatiallyLoaded:0 Bounds:IsValid=true, Min=(X=76800.000 Y=25600.000 Z=-100.000), Max=(X=102400.000 Y=51200.000 Z=14989.844) RuntimeGrid:None EditorOnly:0 RuntimeOnly:1 HLODRelevant:1
 |   |   |- [+] [ 67]
 |   |   |   |- Guid:5368FABB47D6D9580DAECA8B0417BF92 BaseClass: NativeClass:/Script/Engine.WorldDataLayers Name:WorldDataLayers Label:WorldDataLayers-1 SpatiallyLoaded:0 Bounds:IsValid=true, Min=(X=0.000 Y=0.000 Z=0.000), Max=(X=0.000 Y=0.000 Z=0.000) RuntimeGrid:None EditorOnly:0 RuntimeOnly:0 HLODRelevant:0
 |   |   |- [+] [ 68]
 |   |   |   |- Guid:A89683FE4D1E0C90EEB664B4FD413D83 BaseClass: NativeClass:/Script/Engine.WorldPartitionHLOD Name:HLOD0_Instancing_00000000ae815460 Label:HLOD0_OpenWorld_MainGrid_L0_X3_Y-2_DL0 SpatiallyLoaded:0 Bounds:IsValid=true, Min=(X=76800.000 Y=-51200.000 Z=-100.000), Max=(X=102400.000 Y=-25600.000 Z=14989.844) RuntimeGrid:None EditorOnly:0 RuntimeOnly:1 HLODRelevant:1
 |   |   |- [+] [ 69]
 |   |   |   |- Guid:B6FDB864420EEDEC67D83EB37833F027 BaseClass: NativeClass:/Script/Engine.WorldPartitionHLOD Name:HLOD0_Instancing_000000006a3dcc13 Label:HLOD0_OpenWorld_MainGrid_L0_X-1_Y3_DL0 SpatiallyLoaded:0 Bounds:IsValid=true, Min=(X=-25600.000 Y=76800.000 Z=-100.000), Max=(X=0.000 Y=102400.000 Z=14989.844) RuntimeGrid:None EditorOnly:0 RuntimeOnly:1 HLODRelevant:1
 |   |   |- [+] [ 70]
 |   |   |   |- Guid:A8B4876248DB74DA27700C87A6A081D9 BaseClass: NativeClass:/Script/Engine.WorldPartitionHLOD Name:HLOD0_Instancing_00000000df8db286 Label:HLOD0_OpenWorld_MainGrid_L0_X-4_Y-3_DL0 SpatiallyLoaded:0 Bounds:IsValid=true, Min=(X=-102400.000 Y=-76800.000 Z=-100.000), Max=(X=-76800.000 Y=-51200.000 Z=14989.844) RuntimeGrid:None EditorOnly:0 RuntimeOnly:1 HLODRelevant:1
 |- ContainerInstances:
 |- [+] MainContainer:
 |   |-        ID: 0x0000000000000000
 |   |-    Bounds: IsValid=true, Min=(X=-25200.000 Y=-25200.000 Z=-100.000), Max=(X=25200.000 Y=25200.000 Z=100.000)
 |   |- Transform: 0.000000,0.000000,0.000000|0.000000,0.000000,-0.000000|1.000000,1.000000,1.000000
 |   |- Container: /Game/test_card
----------------------------------------------------------------------------------------------------------------
test_card - Persistent Level
----------------------------------------------------------------------------------------------------------------
Always loaded Actor Count: 77 

----------------------------------------------------------------------------------------------------------------
test_card - Runtime Spatial Hash - Streaming Grid - MainGrid
----------------------------------------------------------------------------------------------------------------
            Origin: X=0.000 Y=0.000 Z=0.000
         Cell Size: 25600
      World Bounds: IsValid=true, Min=(X=-25200.000 Y=-25200.000 Z=-100.000), Max=(X=25200.000 Y=25200.000 Z=100.000)
     Loading Range: 76800.00
Block Slow Loading: No
 ClientOnlyVisible: No

[+] Grid Levels: 2
 |- Level  0: Cell Count    4 | Cell Size   25600 | Actor Count    4 (100.0%)
 |- Level  1: Cell Count    0 | Cell Size   51200 | Actor Count    0 (0.0%)

[+] Content of Grid Level 0
 |- [+] Content of Cell MainGrid_L0_X0_Y-1
 |   |- Actor Count: 1
 |   |- Actor Path: /Game/test_card.test_card:PersistentLevel.LandscapeStreamingProxy_D7T4VF4LBP34PHV9XOEVM5TIG_1_4_3_0
 |   |- Actor Package: /Game/__ExternalActors__/test_card/4/AI/VH4MQIKYHSW1RR9LVJVP19
 |- [+] Content of Cell MainGrid_L0_X0_Y0
 |   |- Actor Count: 1
 |   |- Actor Path: /Game/test_card.test_card:PersistentLevel.LandscapeStreamingProxy_D7T4VF4LBP34PHV9XOEVM5TIG_1_4_4_0
 |   |- Actor Package: /Game/__ExternalActors__/test_card/9/Y2/JHWJ6SU1Z9AL2PU49BAUM3
 |- [+] Content of Cell MainGrid_L0_X-1_Y-1
 |   |- Actor Count: 1
 |   |- Actor Path: /Game/test_card.test_card:PersistentLevel.LandscapeStreamingProxy_D7T4VF4LBP34PHV9XOEVM5TIG_1_3_3_0
 |   |- Actor Package: /Game/__ExternalActors__/test_card/E/2S/OVG3V5UMTH3X276IPDHHRS
 |- [+] Content of Cell MainGrid_L0_X-1_Y0
 |   |- Actor Count: 1
 |   |- Actor Path: /Game/test_card.test_card:PersistentLevel.LandscapeStreamingProxy_D7T4VF4LBP34PHV9XOEVM5TIG_1_3_4_0
 |   |- Actor Package: /Game/__ExternalActors__/test_card/E/FN/SFLV3XQ3ARI0F1B939BK70
[+] Content of Grid Level 1

